TN:
SF:src/funkos/basicFunctions.ts
FN:10,add
FNF:1
FNH:1
FNDA:2,add
DA:1,1
DA:2,1
DA:3,1
DA:4,1
DA:5,1
DA:6,1
DA:7,1
DA:8,1
DA:9,1
DA:10,1
DA:11,2
DA:12,2
LF:12
LH:12
BRDA:10,0,0,2
BRF:1
BRH:1
end_of_record
TN:
SF:src/funkos/funco.ts
FN:7,<instance_members_initializer>
FN:32,Funko
FN:59,get id_
FN:66,set id_
FN:72,get nombre_
FN:79,set nombre_
FN:85,get descripcion_
FN:92,set descripcion_
FN:98,get tipo_
FN:105,set tipo_
FN:111,get genero_
FN:118,set genero_
FN:124,get franquicia_
FN:131,set franquicia_
FN:137,get numero_
FN:144,set numero_
FN:150,get exclusivo_
FN:157,set exclusivo_
FN:163,get caracteristicasEspeciales_
FN:170,set caracteristicasEspeciales_
FN:177,get valorDeMercado_
FN:184,set valorDeMercado_
FNF:22
FNH:22
FNDA:25,<instance_members_initializer>
FNDA:25,Funko
FNDA:2,get id_
FNDA:1,set id_
FNDA:2,get nombre_
FNDA:1,set nombre_
FNDA:2,get descripcion_
FNDA:1,set descripcion_
FNDA:2,get tipo_
FNDA:1,set tipo_
FNDA:2,get genero_
FNDA:1,set genero_
FNDA:2,get franquicia_
FNDA:1,set franquicia_
FNDA:2,get numero_
FNDA:1,set numero_
FNDA:2,get exclusivo_
FNDA:1,set exclusivo_
FNDA:2,get caracteristicasEspeciales_
FNDA:1,set caracteristicasEspeciales_
FNDA:2,get valorDeMercado_
FNDA:1,set valorDeMercado_
DA:1,1
DA:2,1
DA:3,1
DA:4,1
DA:5,1
DA:6,1
DA:7,1
DA:8,25
DA:9,25
DA:10,25
DA:11,25
DA:12,25
DA:13,25
DA:14,25
DA:15,25
DA:16,25
DA:17,25
DA:18,25
DA:19,25
DA:20,25
DA:21,25
DA:22,25
DA:23,25
DA:24,25
DA:25,25
DA:26,25
DA:27,25
DA:28,25
DA:29,25
DA:30,25
DA:31,25
DA:32,25
DA:33,25
DA:34,25
DA:35,25
DA:36,25
DA:37,25
DA:38,25
DA:39,25
DA:40,25
DA:41,25
DA:42,25
DA:43,25
DA:44,25
DA:45,25
DA:46,25
DA:47,25
DA:48,25
DA:49,25
DA:50,25
DA:51,25
DA:52,25
DA:53,25
DA:54,25
DA:55,25
DA:56,25
DA:57,25
DA:58,25
DA:59,25
DA:60,2
DA:61,2
DA:62,25
DA:63,25
DA:64,25
DA:65,25
DA:66,25
DA:67,1
DA:68,1
DA:69,25
DA:70,25
DA:71,25
DA:72,25
DA:73,2
DA:74,2
DA:75,25
DA:76,25
DA:77,25
DA:78,25
DA:79,25
DA:80,1
DA:81,1
DA:82,25
DA:83,25
DA:84,25
DA:85,25
DA:86,2
DA:87,2
DA:88,25
DA:89,25
DA:90,25
DA:91,25
DA:92,25
DA:93,1
DA:94,1
DA:95,25
DA:96,25
DA:97,25
DA:98,25
DA:99,2
DA:100,2
DA:101,25
DA:102,25
DA:103,25
DA:104,25
DA:105,25
DA:106,1
DA:107,1
DA:108,25
DA:109,25
DA:110,25
DA:111,25
DA:112,2
DA:113,2
DA:114,25
DA:115,25
DA:116,25
DA:117,25
DA:118,25
DA:119,1
DA:120,1
DA:121,25
DA:122,25
DA:123,25
DA:124,25
DA:125,2
DA:126,2
DA:127,25
DA:128,25
DA:129,25
DA:130,25
DA:131,25
DA:132,1
DA:133,1
DA:134,25
DA:135,25
DA:136,25
DA:137,25
DA:138,2
DA:139,2
DA:140,25
DA:141,25
DA:142,25
DA:143,25
DA:144,25
DA:145,1
DA:146,1
DA:147,25
DA:148,25
DA:149,25
DA:150,25
DA:151,2
DA:152,2
DA:153,25
DA:154,25
DA:155,25
DA:156,25
DA:157,25
DA:158,1
DA:159,1
DA:160,25
DA:161,25
DA:162,25
DA:163,25
DA:164,2
DA:165,2
DA:166,25
DA:167,25
DA:168,25
DA:169,25
DA:170,25
DA:171,1
DA:172,1
DA:173,25
DA:174,25
DA:175,25
DA:176,25
DA:177,25
DA:178,2
DA:179,2
DA:180,25
DA:181,25
DA:182,25
DA:183,25
DA:184,25
DA:185,1
DA:186,1
DA:187,25
LF:187
LH:187
BRDA:7,0,0,25
BRDA:32,1,0,25
BRDA:59,2,0,2
BRDA:66,3,0,1
BRDA:72,4,0,2
BRDA:79,5,0,1
BRDA:85,6,0,2
BRDA:92,7,0,1
BRDA:98,8,0,2
BRDA:105,9,0,1
BRDA:111,10,0,2
BRDA:118,11,0,1
BRDA:124,12,0,2
BRDA:131,13,0,1
BRDA:137,14,0,2
BRDA:144,15,0,1
BRDA:150,16,0,2
BRDA:157,17,0,1
BRDA:163,18,0,2
BRDA:170,19,0,1
BRDA:177,20,0,2
BRDA:184,21,0,1
BRF:22
BRH:22
end_of_record
TN:
SF:src/funkos/funkoCollection.ts
FN:14,FuncosCollection
FN:20,almacenarFunkoUsuario
FN:48,eliminarFunkoUsuario
FN:70,cargarFunkosUsuario
FN:96,modificarFunkoUsuario
FN:120,listarFunkosUsuario
FN:165,mostrarFunkoUsuario
FNF:7
FNH:7
FNDA:24,FuncosCollection
FNDA:6,almacenarFunkoUsuario
FNDA:7,eliminarFunkoUsuario
FNDA:4,cargarFunkosUsuario
FNDA:2,modificarFunkoUsuario
FNDA:2,listarFunkosUsuario
FNDA:5,mostrarFunkoUsuario
DA:1,1
DA:2,1
DA:3,1
DA:4,1
DA:5,1
DA:6,1
DA:7,1
DA:8,1
DA:9,1
DA:10,1
DA:11,1
DA:12,1
DA:13,1
DA:14,1
DA:15,1
DA:16,1
DA:17,1
DA:18,1
DA:19,1
DA:20,1
DA:21,6
DA:22,6
DA:23,6
DA:24,6
DA:25,6
DA:26,6
DA:27,2
DA:28,2
DA:29,2
DA:30,2
DA:31,2
DA:32,2
DA:33,2
DA:34,4
DA:35,4
DA:36,4
DA:37,4
DA:38,4
DA:39,4
DA:40,4
DA:41,4
DA:42,4
DA:43,1
DA:44,1
DA:45,1
DA:46,1
DA:47,1
DA:48,1
DA:49,7
DA:50,7
DA:51,7
DA:52,7
DA:53,7
DA:54,7
DA:55,7
DA:56,7
DA:57,7
DA:58,7
DA:59,7
DA:60,2
DA:61,2
DA:62,2
DA:63,2
DA:64,2
DA:65,7
DA:66,1
DA:67,1
DA:68,1
DA:69,1
DA:70,1
DA:71,4
DA:72,4
DA:73,4
DA:74,4
DA:75,2
DA:76,2
DA:77,2
DA:78,2
DA:79,5
DA:80,5
DA:81,5
DA:82,5
DA:83,2
DA:84,2
DA:85,2
DA:86,2
DA:87,2
DA:88,2
DA:89,4
DA:90,1
DA:91,1
DA:92,1
DA:93,1
DA:94,1
DA:95,1
DA:96,1
DA:97,2
DA:98,2
DA:99,2
DA:100,2
DA:101,1
DA:102,1
DA:103,1
DA:104,1
DA:105,1
DA:106,1
DA:107,1
DA:108,1
DA:109,1
DA:110,1
DA:111,1
DA:112,1
DA:113,1
DA:114,1
DA:115,2
DA:116,1
DA:117,1
DA:118,1
DA:119,1
DA:120,1
DA:121,2
DA:122,2
DA:123,2
DA:124,2
DA:125,2
DA:126,2
DA:127,2
DA:128,2
DA:129,2
DA:130,2
DA:131,1
DA:132,1
DA:133,1
DA:134,1
DA:135,1
DA:136,1
DA:137,2
DA:138,4
DA:139,4
DA:140,4
DA:141,4
DA:142,4
DA:143,1
DA:144,4
DA:145,2
DA:146,3
DA:147,1
DA:148,1
DA:149,0
DA:150,0
DA:151,4
DA:152,4
DA:153,4
DA:154,4
DA:155,4
DA:156,4
DA:157,4
DA:158,1
DA:159,1
DA:160,1
DA:161,1
DA:162,1
DA:163,1
DA:164,1
DA:165,1
DA:166,5
DA:167,5
DA:168,5
DA:169,5
DA:170,5
DA:171,5
DA:172,5
DA:173,5
DA:174,5
DA:175,5
DA:176,5
DA:177,5
DA:178,5
DA:179,5
DA:180,5
DA:181,5
DA:182,5
DA:183,5
DA:184,5
DA:185,5
DA:186,5
DA:187,5
DA:188,1
DA:189,5
DA:190,2
DA:191,3
DA:192,1
DA:193,1
DA:194,0
DA:195,0
DA:196,4
DA:197,4
DA:198,5
DA:199,1
DA:200,1
DA:201,1
DA:202,5
DA:203,1
LF:203
LH:199
BRDA:14,0,0,24
BRDA:20,1,0,6
BRDA:26,2,0,2
BRDA:34,3,0,4
BRDA:48,4,0,7
BRDA:59,5,0,2
BRDA:70,6,0,4
BRDA:74,7,0,2
BRDA:78,8,0,5
BRDA:96,9,0,2
BRDA:100,10,0,1
BRDA:120,11,0,2
BRDA:130,12,0,1
BRDA:137,13,0,4
BRDA:142,14,0,1
BRDA:144,15,0,3
BRDA:144,16,0,2
BRDA:146,17,0,1
BRDA:148,18,0,0
BRDA:158,19,0,1
BRDA:165,20,0,5
BRDA:180,21,0,4
BRDA:180,22,0,0
BRDA:187,23,0,1
BRDA:189,24,0,3
BRDA:189,25,0,2
BRDA:191,26,0,1
BRDA:193,27,0,0
BRDA:196,28,0,4
BRDA:198,29,0,1
BRF:30
BRH:27
end_of_record
TN:
SF:src/funkos/genero.ts
FNF:0
FNH:0
DA:1,1
DA:2,1
DA:3,1
DA:4,1
DA:5,1
DA:6,1
DA:7,1
DA:8,1
DA:9,1
DA:10,1
DA:11,1
LF:11
LH:11
BRDA:4,0,0,1
BRF:1
BRH:1
end_of_record
TN:
SF:src/funkos/main.ts
FNF:0
FNH:0
DA:1,1
DA:2,1
DA:3,1
DA:4,1
DA:5,1
DA:6,1
DA:7,1
DA:8,1
DA:9,1
DA:10,1
DA:11,1
DA:12,1
DA:13,1
DA:14,1
DA:15,1
DA:16,1
DA:17,1
DA:18,1
DA:19,1
DA:20,1
DA:21,1
DA:22,1
DA:23,1
DA:24,1
DA:25,1
DA:26,1
DA:27,1
DA:28,1
DA:29,1
DA:30,1
DA:31,1
DA:32,1
DA:33,1
DA:34,1
DA:35,1
DA:36,1
DA:37,1
DA:38,1
DA:39,1
DA:40,1
DA:41,1
DA:42,1
DA:43,1
DA:44,1
DA:45,1
DA:46,1
DA:47,1
DA:48,1
DA:49,1
DA:50,1
DA:51,1
DA:52,1
DA:53,1
DA:54,1
DA:55,1
DA:56,1
DA:57,1
DA:58,1
DA:59,1
DA:60,1
DA:61,1
DA:62,1
DA:63,1
DA:64,1
DA:65,1
DA:66,1
DA:67,1
DA:68,1
DA:69,1
DA:70,1
DA:71,1
DA:72,1
DA:73,1
DA:74,1
DA:75,1
LF:75
LH:75
BRF:0
BRH:0
end_of_record
TN:
SF:src/funkos/tipo.ts
FNF:0
FNH:0
DA:1,1
DA:2,1
DA:3,1
DA:4,1
DA:5,1
DA:6,1
DA:7,1
DA:8,1
DA:9,1
LF:9
LH:9
BRDA:4,0,0,1
BRF:1
BRH:1
end_of_record
TN:
SF:src/funkos/modificacion/RegistroCSV.ts
FN:13,RegistroCSV
FN:20,pocesar
FNF:2
FNH:2
FNDA:1,RegistroCSV
FNDA:1,pocesar
DA:1,1
DA:2,1
DA:3,1
DA:4,1
DA:5,1
DA:6,1
DA:7,1
DA:8,1
DA:9,1
DA:10,1
DA:11,1
DA:12,1
DA:13,1
DA:14,1
DA:15,1
DA:16,1
DA:17,1
DA:18,1
DA:19,1
DA:20,1
DA:21,1
DA:22,1
DA:23,1
DA:24,1
DA:25,1
DA:26,1
DA:27,0
DA:28,0
DA:29,0
DA:30,0
DA:31,0
DA:32,0
DA:33,0
DA:34,0
DA:35,0
DA:36,0
DA:37,0
DA:38,0
DA:39,0
DA:40,1
DA:41,1
DA:42,1
LF:42
LH:29
BRDA:13,0,0,1
BRDA:20,1,0,1
BRDA:21,2,0,1
BRDA:26,3,0,0
BRF:4
BRH:3
end_of_record
TN:
SF:src/funkos/modificacion/RegistroJSON.ts
FN:13,RegistroJSON
FN:20,pocesar
FNF:2
FNH:2
FNDA:1,RegistroJSON
FNDA:1,pocesar
DA:1,1
DA:2,1
DA:3,1
DA:4,1
DA:5,1
DA:6,1
DA:7,1
DA:8,1
DA:9,1
DA:10,1
DA:11,1
DA:12,1
DA:13,1
DA:14,1
DA:15,1
DA:16,1
DA:17,1
DA:18,1
DA:19,1
DA:20,1
DA:21,1
DA:22,1
DA:23,1
DA:24,1
DA:25,1
DA:26,1
DA:27,0
DA:28,0
DA:29,0
DA:30,0
DA:31,1
DA:32,1
DA:33,1
LF:33
LH:29
BRDA:13,0,0,1
BRDA:20,1,0,1
BRDA:21,2,0,1
BRDA:26,3,0,0
BRF:4
BRH:3
end_of_record
TN:
SF:src/funkos/modificacion/registro.ts
FN:6,<instance_members_initializer>
FN:10,Registro
FN:15,run
FN:21,pocesar
FN:24,hook
FN:27,hook2
FNF:6
FNH:5
FNDA:2,<instance_members_initializer>
FNDA:2,Registro
FNDA:2,run
FNDA:0,pocesar
FNDA:2,hook
FNDA:2,hook2
DA:1,1
DA:2,1
DA:3,1
DA:4,1
DA:5,1
DA:6,1
DA:7,2
DA:8,2
DA:9,2
DA:10,2
DA:11,2
DA:12,2
DA:13,2
DA:14,2
DA:15,2
DA:16,2
DA:17,2
DA:18,2
DA:19,2
DA:20,2
DA:21,2
DA:22,0
DA:23,0
DA:24,2
DA:25,2
DA:26,2
DA:27,2
DA:28,2
DA:29,2
DA:30,2
LF:30
LH:28
BRDA:6,0,0,2
BRDA:10,1,0,2
BRDA:15,2,0,2
BRDA:24,3,0,2
BRDA:27,4,0,2
BRF:5
BRH:5
end_of_record
